<?xml version="1.0" encoding="utf-8"?><testsuites><testsuite name="pytest" errors="0" failures="3" skipped="0" tests="8" time="0.801" timestamp="2022-01-08T03:36:49.243357" hostname="Allstack"><testcase classname="tests.test_blog.IndexPageTest" name="test_view_has_link" file="tests\test_blog.py" line="11" time="0.277"><failure message="AssertionError: False is not true : Couldn't find '/add_post' in response">self = &lt;tests.test_blog.IndexPageTest testMethod=test_view_has_link&gt;

    def test_view_has_link(self):
&gt;       self.assertContains(self.response, "/add_post")

tests\test_blog.py:13: 
_ _ _ _ _ _ _ _ _ _ _ _ _ _ _ _ _ _ _ _ _ _ _ _ _ _ _ _ _ _ _ _ _ _ _ _ _ _ _ _ _ _ _ _ _ _ _ _ _ _ _ _ _ _ _ _ _ _ _ _ _ _ _ _ _ _ _ _ _ _ _ _ _ _ _ _ _ _ _ _ _ _ _ _ _ _ 
venv\lib\site-packages\django\test\testcases.py:454: in assertContains
    self.assertTrue(real_count != 0, msg_prefix + "Couldn't find %s in response" % text_repr)
E   AssertionError: False is not true : Couldn't find '/add_post' in response</failure></testcase><testcase classname="tests.test_blog.IndexPageTest" name="test_view_works" file="tests\test_blog.py" line="8" time="0.005" /><testcase classname="tests.test_blog.AddPostPageTest" name="test_adding_works" file="tests\test_blog.py" line="25" time="0.007"><failure message="AssertionError: False is not true : Couldn't find 'some text' in response">self = &lt;tests.test_blog.AddPostPageTest testMethod=test_adding_works&gt;

    def test_adding_works(self):
        r = self.client.post(
            "/add_post",
            {"body": "some text", "title": "some title", "submit": "Submit"},
        )
        r = self.client.get("/")
&gt;       self.assertContains(r, "some text")

tests\test_blog.py:32: 
_ _ _ _ _ _ _ _ _ _ _ _ _ _ _ _ _ _ _ _ _ _ _ _ _ _ _ _ _ _ _ _ _ _ _ _ _ _ _ _ _ _ _ _ _ _ _ _ _ _ _ _ _ _ _ _ _ _ _ _ _ _ _ _ _ _ _ _ _ _ _ _ _ _ _ _ _ _ _ _ _ _ _ _ _ _ 
venv\lib\site-packages\django\test\testcases.py:454: in assertContains
    self.assertTrue(real_count != 0, msg_prefix + "Couldn't find %s in response" % text_repr)
E   AssertionError: False is not true : Couldn't find 'some text' in response</failure></testcase><testcase classname="tests.test_blog.AddPostPageTest" name="test_view_works" file="tests\test_blog.py" line="19" time="0.004"><failure message="AssertionError: 404 != 200">self = &lt;tests.test_blog.AddPostPageTest testMethod=test_view_works&gt;

    def test_view_works(self):
        r = self.client.get("/add_post")
&gt;       self.assertEqual(r.status_code, 200)
E       AssertionError: 404 != 200

tests\test_blog.py:22: AssertionError</failure></testcase><testcase classname="tests.test_structure_views.StructureTestSuite" name="test_function_exists_add_post" file="tests\test_structure_views.py" line="11" time="0.003" /><testcase classname="tests.test_structure_views.StructureTestSuite" name="test_function_exists_index" file="tests\test_structure_views.py" line="54" time="0.002" /><testcase classname="tests.test_structure_views.StructureTestSuite" name="test_function_signature_match_add_post" file="tests\test_structure_views.py" line="21" time="0.002" /><testcase classname="tests.test_structure_views.StructureTestSuite" name="test_function_signature_match_index" file="tests\test_structure_views.py" line="64" time="0.003" /></testsuite></testsuites>